2024-05-24T10:22:07.691+07:00  INFO 9440 --- [AFK3] [Test worker] i.a.u.c.a.afk3.Afk3ApplicationTests      : Starting Afk3ApplicationTests using Java 21.0.2 with PID 9440 (started by Jim in C:\Users\Jim\IdeaProjects\AFK3)
2024-05-24T10:22:07.709+07:00  INFO 9440 --- [AFK3] [Test worker] i.a.u.c.a.afk3.Afk3ApplicationTests      : The following 1 profile is active: "test"
2024-05-24T10:22:09.972+07:00  INFO 9440 --- [AFK3] [Test worker] .s.d.r.c.RepositoryConfigurationDelegate : Bootstrapping Spring Data JPA repositories in DEFAULT mode.
2024-05-24T10:22:10.096+07:00  INFO 9440 --- [AFK3] [Test worker] .s.d.r.c.RepositoryConfigurationDelegate : Finished Spring Data repository scanning in 103 ms. Found 2 JPA repository interfaces.
2024-05-24T10:22:11.601+07:00  INFO 9440 --- [AFK3] [Test worker] o.hibernate.jpa.internal.util.LogHelper  : HHH000204: Processing PersistenceUnitInfo [name: default]
2024-05-24T10:22:11.776+07:00  INFO 9440 --- [AFK3] [Test worker] org.hibernate.Version                    : HHH000412: Hibernate ORM core version 6.4.4.Final
2024-05-24T10:22:11.874+07:00  INFO 9440 --- [AFK3] [Test worker] o.h.c.internal.RegionFactoryInitiator    : HHH000026: Second-level cache disabled
2024-05-24T10:22:12.656+07:00  INFO 9440 --- [AFK3] [Test worker] o.s.o.j.p.SpringPersistenceUnitInfo      : No LoadTimeWeaver setup: ignoring JPA class transformer
2024-05-24T10:22:12.757+07:00  INFO 9440 --- [AFK3] [Test worker] com.zaxxer.hikari.HikariDataSource       : HikariPool-1 - Starting...
2024-05-24T10:22:13.471+07:00  INFO 9440 --- [AFK3] [Test worker] com.zaxxer.hikari.pool.HikariPool        : HikariPool-1 - Added connection conn0: url=jdbc:h2:mem:testdb user=SA
2024-05-24T10:22:13.476+07:00  INFO 9440 --- [AFK3] [Test worker] com.zaxxer.hikari.HikariDataSource       : HikariPool-1 - Start completed.
2024-05-24T10:22:13.567+07:00  WARN 9440 --- [AFK3] [Test worker] org.hibernate.orm.deprecation            : HHH90000025: H2Dialect does not need to be specified explicitly using 'hibernate.dialect' (remove the property setting and it will be selected by default)
2024-05-24T10:22:16.334+07:00  INFO 9440 --- [AFK3] [Test worker] o.h.e.t.j.p.i.JtaPlatformInitiator       : HHH000489: No JTA platform available (set 'hibernate.transaction.jta.platform' to enable JTA platform integration)
2024-05-24T10:22:16.549+07:00  INFO 9440 --- [AFK3] [Test worker] j.LocalContainerEntityManagerFactoryBean : Initialized JPA EntityManagerFactory for persistence unit 'default'
2024-05-24T10:22:18.636+07:00  WARN 9440 --- [AFK3] [Test worker] JpaBaseConfiguration$JpaWebConfiguration : spring.jpa.open-in-view is enabled by default. Therefore, database queries may be performed during view rendering. Explicitly configure spring.jpa.open-in-view to disable this warning
2024-05-24T10:22:20.467+07:00  INFO 9440 --- [AFK3] [Test worker] o.s.b.a.e.web.EndpointLinksResolver      : Exposing 0 endpoint(s) beneath base path '/actuator'
2024-05-24T10:22:20.657+07:00  INFO 9440 --- [AFK3] [Test worker] i.a.u.c.a.afk3.Afk3ApplicationTests      : Started Afk3ApplicationTests in 13.747 seconds (process running for 17.853)
2024-05-24T10:22:22.010+07:00  INFO 9440 --- [AFK3] [Test worker] t.c.s.AnnotationConfigContextLoaderUtils : Could not detect default configuration classes for test class [id.ac.ui.cs.advprog.afk3.Enum.OrderStatusTest]: OrderStatusTest does not declare any static, non-private, non-final, nested classes annotated with @Configuration.
2024-05-24T10:22:22.027+07:00  INFO 9440 --- [AFK3] [Test worker] .b.t.c.SpringBootTestContextBootstrapper : Found @SpringBootConfiguration id.ac.ui.cs.advprog.afk3.Afk3Application for test class id.ac.ui.cs.advprog.afk3.Enum.OrderStatusTest
2024-05-24T10:22:22.143+07:00  INFO 9440 --- [AFK3] [Test worker] t.c.s.AnnotationConfigContextLoaderUtils : Could not detect default configuration classes for test class [id.ac.ui.cs.advprog.afk3.Enum.UserTypeTest]: UserTypeTest does not declare any static, non-private, non-final, nested classes annotated with @Configuration.
2024-05-24T10:22:22.150+07:00  INFO 9440 --- [AFK3] [Test worker] .b.t.c.SpringBootTestContextBootstrapper : Found @SpringBootConfiguration id.ac.ui.cs.advprog.afk3.Afk3Application for test class id.ac.ui.cs.advprog.afk3.Enum.UserTypeTest
2024-05-24T10:22:22.268+07:00  INFO 9440 --- [AFK3] [Test worker] t.c.s.AnnotationConfigContextLoaderUtils : Could not detect default configuration classes for test class [id.ac.ui.cs.advprog.afk3.Service.ListingServiceTest]: ListingServiceTest does not declare any static, non-private, non-final, nested classes annotated with @Configuration.
2024-05-24T10:22:22.286+07:00  INFO 9440 --- [AFK3] [Test worker] .b.t.c.SpringBootTestContextBootstrapper : Found @SpringBootConfiguration id.ac.ui.cs.advprog.afk3.Afk3Application for test class id.ac.ui.cs.advprog.afk3.Service.ListingServiceTest
2024-05-24T10:22:22.349+07:00  INFO 9440 --- [AFK3] [Test worker] i.a.u.c.a.a.Service.ListingServiceTest   : Starting ListingServiceTest using Java 21.0.2 with PID 9440 (started by Jim in C:\Users\Jim\IdeaProjects\AFK3)
2024-05-24T10:22:22.350+07:00  INFO 9440 --- [AFK3] [Test worker] i.a.u.c.a.a.Service.ListingServiceTest   : The following 1 profile is active: "test"
2024-05-24T10:22:22.784+07:00  INFO 9440 --- [AFK3] [Test worker] .s.d.r.c.RepositoryConfigurationDelegate : Bootstrapping Spring Data JPA repositories in DEFAULT mode.
2024-05-24T10:22:22.809+07:00  INFO 9440 --- [AFK3] [Test worker] .s.d.r.c.RepositoryConfigurationDelegate : Finished Spring Data repository scanning in 23 ms. Found 2 JPA repository interfaces.
2024-05-24T10:22:24.418+07:00  INFO 9440 --- [AFK3] [Test worker] o.hibernate.jpa.internal.util.LogHelper  : HHH000204: Processing PersistenceUnitInfo [name: default]
2024-05-24T10:22:24.432+07:00  INFO 9440 --- [AFK3] [Test worker] o.h.c.internal.RegionFactoryInitiator    : HHH000026: Second-level cache disabled
2024-05-24T10:22:24.451+07:00  INFO 9440 --- [AFK3] [Test worker] o.s.o.j.p.SpringPersistenceUnitInfo      : No LoadTimeWeaver setup: ignoring JPA class transformer
2024-05-24T10:22:24.456+07:00  INFO 9440 --- [AFK3] [Test worker] com.zaxxer.hikari.HikariDataSource       : HikariPool-2 - Starting...
2024-05-24T10:22:24.459+07:00  INFO 9440 --- [AFK3] [Test worker] com.zaxxer.hikari.pool.HikariPool        : HikariPool-2 - Added connection conn10: url=jdbc:h2:mem:testdb user=SA
2024-05-24T10:22:24.461+07:00  INFO 9440 --- [AFK3] [Test worker] com.zaxxer.hikari.HikariDataSource       : HikariPool-2 - Start completed.
2024-05-24T10:22:24.463+07:00  WARN 9440 --- [AFK3] [Test worker] org.hibernate.orm.deprecation            : HHH90000025: H2Dialect does not need to be specified explicitly using 'hibernate.dialect' (remove the property setting and it will be selected by default)
2024-05-24T10:22:24.652+07:00  INFO 9440 --- [AFK3] [Test worker] o.h.e.t.j.p.i.JtaPlatformInitiator       : HHH000489: No JTA platform available (set 'hibernate.transaction.jta.platform' to enable JTA platform integration)
2024-05-24T10:22:24.698+07:00  INFO 9440 --- [AFK3] [Test worker] j.LocalContainerEntityManagerFactoryBean : Initialized JPA EntityManagerFactory for persistence unit 'default'
2024-05-24T10:22:25.052+07:00  WARN 9440 --- [AFK3] [Test worker] JpaBaseConfiguration$JpaWebConfiguration : spring.jpa.open-in-view is enabled by default. Therefore, database queries may be performed during view rendering. Explicitly configure spring.jpa.open-in-view to disable this warning
2024-05-24T10:22:26.372+07:00  INFO 9440 --- [AFK3] [Test worker] o.s.b.a.e.web.EndpointLinksResolver      : Exposing 0 endpoint(s) beneath base path '/actuator'
2024-05-24T10:22:26.443+07:00  INFO 9440 --- [AFK3] [Test worker] i.a.u.c.a.a.Service.ListingServiceTest   : Started ListingServiceTest in 4.148 seconds (process running for 23.639)
2024-05-24T10:22:27.178+07:00  INFO 9440 --- [AFK3] [Test worker] i.a.u.c.a.a.service.ListingServiceImpl   : hitting url nulluser/get-role
2024-05-24T10:22:27.181+07:00  INFO 9440 --- [AFK3] [Test worker] i.a.u.c.a.a.service.ListingServiceImpl   : listing eb558e9f-1c39-460e-8860-71af6af63bd6 saved SUCCESS
2024-05-24T10:22:27.187+07:00  INFO 9440 --- [AFK3] [Test worker] i.a.u.c.a.a.service.ListingServiceImpl   : hitting url nulluser/get-role
2024-05-24T10:22:27.190+07:00  INFO 9440 --- [AFK3] [Test worker] i.a.u.c.a.a.service.ListingServiceImpl   : listing 00558e9f-1c39-460e-8860-71af6af63bc7 saved SUCCESS
2024-05-24T10:22:27.197+07:00  INFO 9440 --- [AFK3] [Test worker] i.a.u.c.a.a.service.ListingServiceImpl   : hitting url nulluser/get-role
2024-05-24T10:22:27.198+07:00  INFO 9440 --- [AFK3] [Test worker] i.a.u.c.a.a.service.ListingServiceImpl   : Update listing by id 00558e9f-1c39-460e-8860-71af6af63bc7 SUCCESSFUL
2024-05-24T10:22:27.243+07:00  INFO 9440 --- [AFK3] [Test worker] i.a.u.c.a.a.service.ListingServiceImpl   : Find listings by id 00558e9f-1c39-460e-8860-71af6af63bc7 SUCCESSFUL
2024-05-24T10:22:27.290+07:00  INFO 9440 --- [AFK3] [Test worker] i.a.u.c.a.a.service.ListingServiceImpl   : hitting url nulluser/get-role
2024-05-24T10:22:27.293+07:00  INFO 9440 --- [AFK3] [Test worker] i.a.u.c.a.a.service.ListingServiceImpl   : listing eb558e9f-1c39-460e-8860-71af6af63bd6 saved SUCCESS
2024-05-24T10:22:27.295+07:00 ERROR 9440 --- [AFK3] [Test worker] i.a.u.c.a.a.service.ListingServiceImpl   : Find listings by username FAILED, INVALID Token
2024-05-24T10:22:27.342+07:00  INFO 9440 --- [AFK3] [Test worker] i.a.u.c.a.a.service.ListingServiceImpl   : hitting url nulluser/get-role
2024-05-24T10:22:27.345+07:00  INFO 9440 --- [AFK3] [Test worker] i.a.u.c.a.a.service.ListingServiceImpl   : listing eb558e9f-1c39-460e-8860-71af6af63bd6 saved SUCCESS
2024-05-24T10:22:27.353+07:00  INFO 9440 --- [AFK3] [Test worker] i.a.u.c.a.a.service.ListingServiceImpl   : hitting url nulluser/get-role
2024-05-24T10:22:27.357+07:00  INFO 9440 --- [AFK3] [Test worker] i.a.u.c.a.a.service.ListingServiceImpl   : listing 00558e9f-1c39-460e-8860-71af6af63bc7 saved SUCCESS
2024-05-24T10:22:27.397+07:00  INFO 9440 --- [AFK3] [Test worker] i.a.u.c.a.a.service.ListingServiceImpl   : hitting url nulluser/get-role
2024-05-24T10:22:27.400+07:00  INFO 9440 --- [AFK3] [Test worker] i.a.u.c.a.a.service.ListingServiceImpl   : listing eb558e9f-1c39-460e-8860-71af6af63bd6 saved SUCCESS
2024-05-24T10:22:27.408+07:00  INFO 9440 --- [AFK3] [Test worker] i.a.u.c.a.a.service.ListingServiceImpl   : hitting url nulluser/get-role
2024-05-24T10:22:27.410+07:00  INFO 9440 --- [AFK3] [Test worker] i.a.u.c.a.a.service.ListingServiceImpl   : listing 12345678-1111-1111-1111-111111111111 saved SUCCESS
2024-05-24T10:22:27.441+07:00  INFO 9440 --- [AFK3] [Test worker] i.a.u.c.a.a.service.ListingServiceImpl   : hitting url nulluser/get-role
2024-05-24T10:22:27.443+07:00  INFO 9440 --- [AFK3] [Test worker] i.a.u.c.a.a.service.ListingServiceImpl   : listing eb558e9f-1c39-460e-8860-71af6af63bd6 saved SUCCESS
2024-05-24T10:22:27.450+07:00  INFO 9440 --- [AFK3] [Test worker] i.a.u.c.a.a.service.ListingServiceImpl   : hitting url nulluser/get-role
2024-05-24T10:22:27.453+07:00  INFO 9440 --- [AFK3] [Test worker] i.a.u.c.a.a.service.ListingServiceImpl   : listing 12345678-1111-1111-1111-111111111100 saved SUCCESS
2024-05-24T10:22:27.481+07:00  INFO 9440 --- [AFK3] [Test worker] i.a.u.c.a.a.service.ListingServiceImpl   : hitting url nulluser/get-role
2024-05-24T10:22:27.483+07:00  INFO 9440 --- [AFK3] [Test worker] i.a.u.c.a.a.service.ListingServiceImpl   : listing eb558e9f-1c39-460e-8860-71af6af63bd6 saved SUCCESS
2024-05-24T10:22:27.984+07:00  INFO 9440 --- [AFK3] [Test worker] i.a.u.c.a.a.service.ListingServiceImpl   : Find listings by username user SUCCESSFUL
2024-05-24T10:22:28.007+07:00  INFO 9440 --- [AFK3] [Test worker] i.a.u.c.a.a.service.ListingServiceImpl   : hitting url nulluser/get-role
2024-05-24T10:22:28.009+07:00  INFO 9440 --- [AFK3] [Test worker] i.a.u.c.a.a.service.ListingServiceImpl   : listing eb558e9f-1c39-460e-8860-71af6af63bd6 saved SUCCESS
2024-05-24T10:22:28.013+07:00  INFO 9440 --- [AFK3] [Test worker] i.a.u.c.a.a.service.ListingServiceImpl   : hitting url nulluser/get-role
2024-05-24T10:22:28.015+07:00  INFO 9440 --- [AFK3] [Test worker] i.a.u.c.a.a.service.ListingServiceImpl   : listing 00558e9f-1c39-460e-8860-71af6af63bc7 saved SUCCESS
2024-05-24T10:22:28.016+07:00  INFO 9440 --- [AFK3] [Test worker] i.a.u.c.a.a.service.ListingServiceImpl   : Find listings by id 00558e9f-1c39-460e-8860-71af6af63bc7 SUCCESSFUL
2024-05-24T10:22:28.043+07:00  INFO 9440 --- [AFK3] [Test worker] i.a.u.c.a.a.service.ListingServiceImpl   : hitting url nulluser/get-role
2024-05-24T10:22:28.045+07:00  INFO 9440 --- [AFK3] [Test worker] i.a.u.c.a.a.service.ListingServiceImpl   : listing eb558e9f-1c39-460e-8860-71af6af63bd6 saved SUCCESS
2024-05-24T10:22:28.047+07:00 ERROR 9440 --- [AFK3] [Test worker] i.a.u.c.a.a.service.ListingServiceImpl   : Find listings by id 00558e9f-1c39-460e-8860-71af6af63bc8 FAILED, id not found
2024-05-24T10:22:28.077+07:00  INFO 9440 --- [AFK3] [Test worker] i.a.u.c.a.a.service.ListingServiceImpl   : hitting url nulluser/get-role
2024-05-24T10:22:28.079+07:00  INFO 9440 --- [AFK3] [Test worker] i.a.u.c.a.a.service.ListingServiceImpl   : listing eb558e9f-1c39-460e-8860-71af6af63bd6 saved SUCCESS
2024-05-24T10:22:28.084+07:00  INFO 9440 --- [AFK3] [Test worker] i.a.u.c.a.a.service.ListingServiceImpl   : hitting url nulluser/get-role
2024-05-24T10:22:28.085+07:00  INFO 9440 --- [AFK3] [Test worker] i.a.u.c.a.a.service.ListingServiceImpl   : listing 00558e9f-1c39-460e-8860-71af6af63bc7 saved SUCCESS
2024-05-24T10:22:28.112+07:00  INFO 9440 --- [AFK3] [Test worker] i.a.u.c.a.a.service.ListingServiceImpl   : hitting url nulluser/get-role
2024-05-24T10:22:28.114+07:00  INFO 9440 --- [AFK3] [Test worker] i.a.u.c.a.a.service.ListingServiceImpl   : listing eb558e9f-1c39-460e-8860-71af6af63bd6 saved SUCCESS
2024-05-24T10:22:28.127+07:00 ERROR 9440 --- [AFK3] [Test worker] i.a.u.c.a.a.service.ListingServiceImpl   : Delete listing by id id FAILED
2024-05-24T10:22:28.184+07:00  INFO 9440 --- [AFK3] [Test worker] i.a.u.c.a.a.service.ListingServiceImpl   : hitting url nulluser/get-role
2024-05-24T10:22:28.196+07:00  INFO 9440 --- [AFK3] [Test worker] i.a.u.c.a.a.service.ListingServiceImpl   : listing eb558e9f-1c39-460e-8860-71af6af63bd6 saved SUCCESS
2024-05-24T10:22:28.206+07:00  INFO 9440 --- [AFK3] [Test worker] i.a.u.c.a.a.service.ListingServiceImpl   : hitting url nulluser/get-role
2024-05-24T10:22:28.208+07:00  INFO 9440 --- [AFK3] [Test worker] i.a.u.c.a.a.service.ListingServiceImpl   : listing 00558e9f-1c39-460e-8860-71af6af63bc7 saved SUCCESS
2024-05-24T10:22:28.210+07:00  INFO 9440 --- [AFK3] [Test worker] i.a.u.c.a.a.service.ListingServiceImpl   : hitting url nulluser/get-role
2024-05-24T10:22:28.211+07:00  INFO 9440 --- [AFK3] [Test worker] i.a.u.c.a.a.service.ListingServiceImpl   : Update listing by id 00558e9f-1c39-460e-8860-71af6af63bc7 FAILED
2024-05-24T10:22:28.212+07:00  INFO 9440 --- [AFK3] [Test worker] i.a.u.c.a.a.service.ListingServiceImpl   : Find listings by id 00558e9f-1c39-460e-8860-71af6af63bc7 SUCCESSFUL
2024-05-24T10:22:28.254+07:00  INFO 9440 --- [AFK3] [Test worker] i.a.u.c.a.a.service.ListingServiceImpl   : hitting url nulluser/get-role
2024-05-24T10:22:28.256+07:00  INFO 9440 --- [AFK3] [Test worker] i.a.u.c.a.a.service.ListingServiceImpl   : listing eb558e9f-1c39-460e-8860-71af6af63bd6 saved SUCCESS
2024-05-24T10:22:28.261+07:00  INFO 9440 --- [AFK3] [Test worker] i.a.u.c.a.a.service.ListingServiceImpl   : hitting url nulluser/get-role
2024-05-24T10:22:28.262+07:00  INFO 9440 --- [AFK3] [Test worker] i.a.u.c.a.a.service.ListingServiceImpl   : listing 12345678-1111-1111-1111-111111111111 saved FAILED
2024-05-24T10:22:28.300+07:00  INFO 9440 --- [AFK3] [Test worker] i.a.u.c.a.a.service.ListingServiceImpl   : hitting url nulluser/get-role
2024-05-24T10:22:28.301+07:00  INFO 9440 --- [AFK3] [Test worker] i.a.u.c.a.a.service.ListingServiceImpl   : listing eb558e9f-1c39-460e-8860-71af6af63bd6 saved SUCCESS
2024-05-24T10:22:28.306+07:00  INFO 9440 --- [AFK3] [Test worker] i.a.u.c.a.a.service.ListingServiceImpl   : hitting url nulluser/get-role
2024-05-24T10:22:28.308+07:00  INFO 9440 --- [AFK3] [Test worker] i.a.u.c.a.a.service.ListingServiceImpl   : listing 12345678-1111-1111-1111-111111111111 saved SUCCESS
2024-05-24T10:22:28.336+07:00  INFO 9440 --- [AFK3] [Test worker] i.a.u.c.a.a.service.ListingServiceImpl   : hitting url nulluser/get-role
2024-05-24T10:22:28.338+07:00  INFO 9440 --- [AFK3] [Test worker] i.a.u.c.a.a.service.ListingServiceImpl   : listing eb558e9f-1c39-460e-8860-71af6af63bd6 saved SUCCESS
2024-05-24T10:22:28.344+07:00  INFO 9440 --- [AFK3] [Test worker] i.a.u.c.a.a.service.ListingServiceImpl   : hitting url nulluser/get-role
2024-05-24T10:22:28.345+07:00  INFO 9440 --- [AFK3] [Test worker] i.a.u.c.a.a.service.ListingServiceImpl   : listing 12345678-1111-1111-1111-111111111111 saved FAILED
2024-05-24T10:22:28.366+07:00  INFO 9440 --- [AFK3] [Test worker] i.a.u.c.a.a.service.ListingServiceImpl   : hitting url nulluser/get-role
2024-05-24T10:22:28.367+07:00  INFO 9440 --- [AFK3] [Test worker] i.a.u.c.a.a.service.ListingServiceImpl   : listing eb558e9f-1c39-460e-8860-71af6af63bd6 saved SUCCESS
2024-05-24T10:22:28.372+07:00  INFO 9440 --- [AFK3] [Test worker] i.a.u.c.a.a.service.ListingServiceImpl   : hitting url nulluser/get-role
2024-05-24T10:22:28.374+07:00  INFO 9440 --- [AFK3] [Test worker] i.a.u.c.a.a.service.ListingServiceImpl   : listing 00558e9f-1c39-460e-8860-71af6af63bc7 saved SUCCESS
2024-05-24T10:22:28.377+07:00 ERROR 9440 --- [AFK3] [Test worker] i.a.u.c.a.a.service.ListingServiceImpl   : Delete listing by id 00558e9f-1c39-460e-8860-71af6af63bc7 FAILED
2024-05-24T10:22:28.401+07:00  INFO 9440 --- [AFK3] [Test worker] i.a.u.c.a.a.service.ListingServiceImpl   : hitting url nulluser/get-role
2024-05-24T10:22:28.403+07:00  INFO 9440 --- [AFK3] [Test worker] i.a.u.c.a.a.service.ListingServiceImpl   : listing eb558e9f-1c39-460e-8860-71af6af63bd6 saved SUCCESS
2024-05-24T10:22:28.408+07:00  INFO 9440 --- [AFK3] [Test worker] i.a.u.c.a.a.service.ListingServiceImpl   : hitting url nulluser/get-role
2024-05-24T10:22:28.409+07:00  INFO 9440 --- [AFK3] [Test worker] i.a.u.c.a.a.service.ListingServiceImpl   : listing 00558e9f-1c39-460e-8860-71af6af63bc7 saved SUCCESS
2024-05-24T10:22:28.410+07:00 ERROR 9440 --- [AFK3] [Test worker] i.a.u.c.a.a.service.ListingServiceImpl   : FindAll listing not allowed
2024-05-24T10:22:28.438+07:00  INFO 9440 --- [AFK3] [Test worker] i.a.u.c.a.a.service.ListingServiceImpl   : hitting url nulluser/get-role
2024-05-24T10:22:28.441+07:00  INFO 9440 --- [AFK3] [Test worker] i.a.u.c.a.a.service.ListingServiceImpl   : listing eb558e9f-1c39-460e-8860-71af6af63bd6 saved SUCCESS
2024-05-24T10:22:28.446+07:00  INFO 9440 --- [AFK3] [Test worker] i.a.u.c.a.a.service.ListingServiceImpl   : hitting url nulluser/get-role
2024-05-24T10:22:28.449+07:00  INFO 9440 --- [AFK3] [Test worker] i.a.u.c.a.a.service.ListingServiceImpl   : listing 00558e9f-1c39-460e-8860-71af6af63bc7 saved SUCCESS
2024-05-24T10:22:28.452+07:00 ERROR 9440 --- [AFK3] [Test worker] i.a.u.c.a.a.service.ListingServiceImpl   : Delete listing by id 00558e9f-1c39-460e-8860-71af6af63bc7 FAILED
2024-05-24T10:22:28.475+07:00  INFO 9440 --- [AFK3] [Test worker] i.a.u.c.a.a.service.ListingServiceImpl   : hitting url nulluser/get-role
2024-05-24T10:22:28.478+07:00  INFO 9440 --- [AFK3] [Test worker] i.a.u.c.a.a.service.ListingServiceImpl   : listing eb558e9f-1c39-460e-8860-71af6af63bd6 saved SUCCESS
2024-05-24T10:22:28.482+07:00  INFO 9440 --- [AFK3] [Test worker] i.a.u.c.a.a.service.ListingServiceImpl   : hitting url nulluser/get-role
2024-05-24T10:22:28.483+07:00  INFO 9440 --- [AFK3] [Test worker] i.a.u.c.a.a.service.ListingServiceImpl   : listing 00558e9f-1c39-460e-8860-71af6af63bc7 saved SUCCESS
2024-05-24T10:22:28.486+07:00  INFO 9440 --- [AFK3] [Test worker] i.a.u.c.a.a.service.ListingServiceImpl   : Delete listing by id 00558e9f-1c39-460e-8860-71af6af63bc7 SUCCESSFUL
2024-05-24T10:22:28.509+07:00  INFO 9440 --- [AFK3] [Test worker] t.c.s.AnnotationConfigContextLoaderUtils : Could not detect default configuration classes for test class [id.ac.ui.cs.advprog.afk3.Service.OrderServiceTest]: OrderServiceTest does not declare any static, non-private, non-final, nested classes annotated with @Configuration.
2024-05-24T10:22:28.513+07:00  INFO 9440 --- [AFK3] [Test worker] .b.t.c.SpringBootTestContextBootstrapper : Found @SpringBootConfiguration id.ac.ui.cs.advprog.afk3.Afk3Application for test class id.ac.ui.cs.advprog.afk3.Service.OrderServiceTest
2024-05-24T10:22:28.683+07:00  INFO 9440 --- [AFK3] [Test worker] i.a.u.c.a.afk3.service.OrderServiceImpl  : order d6b98ef1-5d29-4068-b26b-ad74b55b0b8c found
2024-05-24T10:22:28.684+07:00  INFO 9440 --- [AFK3] [Test worker] i.a.u.c.a.afk3.service.OrderServiceImpl  : order NOT to be updated
2024-05-24T10:22:28.716+07:00  INFO 9440 --- [AFK3] [Test worker] i.a.u.c.a.afk3.service.OrderServiceImpl  : orders deleted by with listing eb558e9f-1c39-460e-8860-71af6af63bd6
2024-05-24T10:22:28.736+07:00  INFO 9440 --- [AFK3] [Test worker] i.a.u.c.a.afk3.service.OrderServiceImpl  : orders found by safira sudarajat
2024-05-24T10:22:28.773+07:00 ERROR 9440 --- [AFK3] [Test worker] i.a.u.c.a.afk3.service.OrderServiceImpl  : listing eb558e9f-1c39-460e-8860-71af6af63bd6 out of stock
2024-05-24T10:22:28.850+07:00  INFO 9440 --- [AFK3] [Test worker] i.a.u.c.a.afk3.service.OrderServiceImpl  : order c666d62c-9b11-493b-853d-78235a1f13a1 found
2024-05-24T10:22:28.850+07:00  INFO 9440 --- [AFK3] [Test worker] i.a.u.c.a.afk3.service.OrderServiceImpl  : order c666d62c-9b11-493b-853d-78235a1f13a1 status change successful
2024-05-24T10:22:28.852+07:00  INFO 9440 --- [AFK3] [Test worker] i.a.u.c.a.afk3.service.OrderServiceImpl  : order c666d62c-9b11-493b-853d-78235a1f13a1 found
2024-05-24T10:22:28.852+07:00  INFO 9440 --- [AFK3] [Test worker] i.a.u.c.a.afk3.service.OrderServiceImpl  : order c666d62c-9b11-493b-853d-78235a1f13a1 has missing item
2024-05-24T10:22:28.854+07:00  INFO 9440 --- [AFK3] [Test worker] i.a.u.c.a.afk3.service.OrderServiceImpl  : order c666d62c-9b11-493b-853d-78235a1f13a1 found
2024-05-24T10:22:28.855+07:00  INFO 9440 --- [AFK3] [Test worker] i.a.u.c.a.afk3.service.OrderServiceImpl  : order c666d62c-9b11-493b-853d-78235a1f13a1 has already been cancelled
2024-05-24T10:22:28.875+07:00  INFO 9440 --- [AFK3] [Test worker] i.a.u.c.a.afk3.service.OrderServiceImpl  : order 6094048e-7c60-4e80-86dc-3ef9a7e348e5 found
2024-05-24T10:22:28.876+07:00  INFO 9440 --- [AFK3] [Test worker] i.a.u.c.a.afk3.service.OrderServiceImpl  : order 6094048e-7c60-4e80-86dc-3ef9a7e348e5 status change successful
2024-05-24T10:22:28.913+07:00  INFO 9440 --- [AFK3] [Test worker] i.a.u.c.a.afk3.service.OrderServiceImpl  : orders found by Safira Sudarajat
2024-05-24T10:22:28.932+07:00  INFO 9440 --- [AFK3] [Test worker] i.a.u.c.a.afk3.service.OrderServiceImpl  : order 30168150-f32a-478f-962e-dc3ac1ebab0c placed successful
2024-05-24T10:22:28.991+07:00  INFO 9440 --- [AFK3] [Test worker] i.a.u.c.a.afk3.service.OrderServiceImpl  : order ed2c0965-b56d-4d40-9f44-3a2a8658539f found
2024-05-24T10:22:29.014+07:00  INFO 9440 --- [AFK3] [Test worker] i.a.u.c.a.afk3.service.OrderServiceImpl  : order edc78b40-cabd-43c2-9986-e919c59d4ace placed successful
2024-05-24T10:22:29.034+07:00  INFO 9440 --- [AFK3] [Test worker] i.a.u.c.a.afk3.service.OrderServiceImpl  : order 98982cb8-c680-4556-869d-98910df7c38d found
2024-05-24T10:22:29.062+07:00  INFO 9440 --- [AFK3] [Test worker] t.c.s.AnnotationConfigContextLoaderUtils : Could not detect default configuration classes for test class [id.ac.ui.cs.advprog.afk3.controller.ListingControllerTest]: ListingControllerTest does not declare any static, non-private, non-final, nested classes annotated with @Configuration.
2024-05-24T10:22:29.127+07:00  INFO 9440 --- [AFK3] [Test worker] .b.t.c.SpringBootTestContextBootstrapper : Found @SpringBootConfiguration id.ac.ui.cs.advprog.afk3.Afk3Application for test class id.ac.ui.cs.advprog.afk3.controller.ListingControllerTest
2024-05-24T10:22:29.236+07:00  INFO 9440 --- [AFK3] [Test worker] i.a.u.c.a.a.c.ListingControllerTest      : Starting ListingControllerTest using Java 21.0.2 with PID 9440 (started by Jim in C:\Users\Jim\IdeaProjects\AFK3)
2024-05-24T10:22:29.237+07:00  INFO 9440 --- [AFK3] [Test worker] i.a.u.c.a.a.c.ListingControllerTest      : The following 1 profile is active: "test"
2024-05-24T10:22:29.823+07:00  INFO 9440 --- [AFK3] [Test worker] o.s.b.t.m.w.SpringBootMockServletContext : Initializing Spring TestDispatcherServlet ''
2024-05-24T10:22:29.824+07:00  INFO 9440 --- [AFK3] [Test worker] o.s.t.web.servlet.TestDispatcherServlet  : Initializing Servlet ''
2024-05-24T10:22:29.826+07:00  INFO 9440 --- [AFK3] [Test worker] o.s.t.web.servlet.TestDispatcherServlet  : Completed initialization in 2 ms
2024-05-24T10:22:29.840+07:00  INFO 9440 --- [AFK3] [Test worker] i.a.u.c.a.a.c.ListingControllerTest      : Started ListingControllerTest in 0.695 seconds (process running for 27.035)
2024-05-24T10:22:30.023+07:00  INFO 9440 --- [AFK3] [Test worker] i.a.u.c.a.a.c.ListingController          : get by seller hitted
2024-05-24T10:22:30.024+07:00  INFO 9440 --- [AFK3] [Test worker] i.a.u.c.a.a.c.ListingController          : returning successfull
2024-05-24T10:22:31.883+07:00  INFO 9440 --- [AFK3] [Test worker] t.c.s.AnnotationConfigContextLoaderUtils : Could not detect default configuration classes for test class [id.ac.ui.cs.advprog.afk3.controller.OrderControllerTest]: OrderControllerTest does not declare any static, non-private, non-final, nested classes annotated with @Configuration.
2024-05-24T10:22:31.903+07:00  INFO 9440 --- [AFK3] [Test worker] .b.t.c.SpringBootTestContextBootstrapper : Found @SpringBootConfiguration id.ac.ui.cs.advprog.afk3.Afk3Application for test class id.ac.ui.cs.advprog.afk3.controller.OrderControllerTest
2024-05-24T10:22:31.969+07:00  INFO 9440 --- [AFK3] [Test worker] i.a.u.c.a.a.c.OrderControllerTest        : Starting OrderControllerTest using Java 21.0.2 with PID 9440 (started by Jim in C:\Users\Jim\IdeaProjects\AFK3)
2024-05-24T10:22:31.970+07:00  INFO 9440 --- [AFK3] [Test worker] i.a.u.c.a.a.c.OrderControllerTest        : The following 1 profile is active: "test"
2024-05-24T10:22:32.414+07:00  INFO 9440 --- [AFK3] [Test worker] o.s.b.t.m.w.SpringBootMockServletContext : Initializing Spring TestDispatcherServlet ''
2024-05-24T10:22:32.415+07:00  INFO 9440 --- [AFK3] [Test worker] o.s.t.web.servlet.TestDispatcherServlet  : Initializing Servlet ''
2024-05-24T10:22:32.416+07:00  INFO 9440 --- [AFK3] [Test worker] o.s.t.web.servlet.TestDispatcherServlet  : Completed initialization in 1 ms
2024-05-24T10:22:32.424+07:00  INFO 9440 --- [AFK3] [Test worker] i.a.u.c.a.a.c.OrderControllerTest        : Started OrderControllerTest in 0.514 seconds (process running for 29.62)
2024-05-24T10:22:32.618+07:00  INFO 9440 --- [AFK3] [Test worker] t.c.s.AnnotationConfigContextLoaderUtils : Could not detect default configuration classes for test class [id.ac.ui.cs.advprog.afk3.model.ListingTest]: ListingTest does not declare any static, non-private, non-final, nested classes annotated with @Configuration.
2024-05-24T10:22:32.631+07:00  INFO 9440 --- [AFK3] [Test worker] .b.t.c.SpringBootTestContextBootstrapper : Found @SpringBootConfiguration id.ac.ui.cs.advprog.afk3.Afk3Application for test class id.ac.ui.cs.advprog.afk3.model.ListingTest
2024-05-24T10:22:32.713+07:00  INFO 9440 --- [AFK3] [Test worker] t.c.s.AnnotationConfigContextLoaderUtils : Could not detect default configuration classes for test class [id.ac.ui.cs.advprog.afk3.model.OrderTest]: OrderTest does not declare any static, non-private, non-final, nested classes annotated with @Configuration.
2024-05-24T10:22:32.718+07:00  INFO 9440 --- [AFK3] [Test worker] .b.t.c.SpringBootTestContextBootstrapper : Found @SpringBootConfiguration id.ac.ui.cs.advprog.afk3.Afk3Application for test class id.ac.ui.cs.advprog.afk3.model.OrderTest
2024-05-24T10:22:32.848+07:00  INFO 9440 --- [AFK3] [SpringApplicationShutdownHook] j.LocalContainerEntityManagerFactoryBean : Closing JPA EntityManagerFactory for persistence unit 'default'
2024-05-24T10:22:32.852+07:00  INFO 9440 --- [AFK3] [SpringApplicationShutdownHook] com.zaxxer.hikari.HikariDataSource       : HikariPool-1 - Shutdown initiated...
2024-05-24T10:22:32.857+07:00  INFO 9440 --- [AFK3] [SpringApplicationShutdownHook] com.zaxxer.hikari.HikariDataSource       : HikariPool-1 - Shutdown completed.
2024-05-24T10:22:32.862+07:00  INFO 9440 --- [AFK3] [SpringApplicationShutdownHook] j.LocalContainerEntityManagerFactoryBean : Closing JPA EntityManagerFactory for persistence unit 'default'
2024-05-24T10:22:32.863+07:00  INFO 9440 --- [AFK3] [SpringApplicationShutdownHook] com.zaxxer.hikari.HikariDataSource       : HikariPool-2 - Shutdown initiated...
2024-05-24T10:22:32.864+07:00  INFO 9440 --- [AFK3] [SpringApplicationShutdownHook] com.zaxxer.hikari.HikariDataSource       : HikariPool-2 - Shutdown completed.
2024-05-24T10:22:56.564+07:00  INFO 12820 --- [AFK3] [restartedMain] i.ac.ui.cs.advprog.afk3.Afk3Application  : Starting Afk3Application using Java 21.0.2 with PID 12820 (C:\Users\Jim\IdeaProjects\AFK3\build\classes\java\main started by Jim in C:\Users\Jim\IdeaProjects\AFK3)
2024-05-24T10:22:56.569+07:00  INFO 12820 --- [AFK3] [restartedMain] i.ac.ui.cs.advprog.afk3.Afk3Application  : The following 1 profile is active: "dev"
2024-05-24T10:22:56.816+07:00  INFO 12820 --- [AFK3] [restartedMain] .e.DevToolsPropertyDefaultsPostProcessor : Devtools property defaults active! Set 'spring.devtools.add-properties' to 'false' to disable
2024-05-24T10:22:56.816+07:00  INFO 12820 --- [AFK3] [restartedMain] .e.DevToolsPropertyDefaultsPostProcessor : For additional web related logging consider setting the 'logging.level.web' property to 'DEBUG'
2024-05-24T10:23:01.670+07:00  INFO 12820 --- [AFK3] [restartedMain] .s.d.r.c.RepositoryConfigurationDelegate : Bootstrapping Spring Data JPA repositories in DEFAULT mode.
2024-05-24T10:23:01.911+07:00  INFO 12820 --- [AFK3] [restartedMain] .s.d.r.c.RepositoryConfigurationDelegate : Finished Spring Data repository scanning in 215 ms. Found 2 JPA repository interfaces.
2024-05-24T10:23:05.842+07:00  INFO 12820 --- [AFK3] [restartedMain] o.s.b.w.embedded.tomcat.TomcatWebServer  : Tomcat initialized with port 8081 (http)
2024-05-24T10:23:05.893+07:00  INFO 12820 --- [AFK3] [restartedMain] o.apache.catalina.core.StandardService   : Starting service [Tomcat]
2024-05-24T10:23:05.894+07:00  INFO 12820 --- [AFK3] [restartedMain] o.apache.catalina.core.StandardEngine    : Starting Servlet engine: [Apache Tomcat/10.1.19]
2024-05-24T10:23:06.312+07:00  INFO 12820 --- [AFK3] [restartedMain] o.a.c.c.C.[Tomcat].[localhost].[/]       : Initializing Spring embedded WebApplicationContext
2024-05-24T10:23:06.312+07:00  INFO 12820 --- [AFK3] [restartedMain] w.s.c.ServletWebServerApplicationContext : Root WebApplicationContext: initialization completed in 9494 ms
2024-05-24T10:23:08.038+07:00  INFO 12820 --- [AFK3] [restartedMain] o.hibernate.jpa.internal.util.LogHelper  : HHH000204: Processing PersistenceUnitInfo [name: default]
2024-05-24T10:23:08.267+07:00  INFO 12820 --- [AFK3] [restartedMain] org.hibernate.Version                    : HHH000412: Hibernate ORM core version 6.4.4.Final
2024-05-24T10:23:08.381+07:00  INFO 12820 --- [AFK3] [restartedMain] o.h.c.internal.RegionFactoryInitiator    : HHH000026: Second-level cache disabled
2024-05-24T10:23:09.566+07:00  INFO 12820 --- [AFK3] [restartedMain] o.s.o.j.p.SpringPersistenceUnitInfo      : No LoadTimeWeaver setup: ignoring JPA class transformer
2024-05-24T10:23:09.690+07:00  INFO 12820 --- [AFK3] [restartedMain] com.zaxxer.hikari.HikariDataSource       : HikariPool-1 - Starting...
2024-05-24T10:23:10.412+07:00  INFO 12820 --- [AFK3] [restartedMain] com.zaxxer.hikari.pool.HikariPool        : HikariPool-1 - Added connection org.postgresql.jdbc.PgConnection@26a6331
2024-05-24T10:23:10.417+07:00  INFO 12820 --- [AFK3] [restartedMain] com.zaxxer.hikari.HikariDataSource       : HikariPool-1 - Start completed.
2024-05-24T10:23:10.586+07:00  WARN 12820 --- [AFK3] [restartedMain] org.hibernate.orm.deprecation            : HHH90000025: PostgreSQLDialect does not need to be specified explicitly using 'hibernate.dialect' (remove the property setting and it will be selected by default)
2024-05-24T10:23:16.706+07:00  INFO 12820 --- [AFK3] [restartedMain] o.h.e.t.j.p.i.JtaPlatformInitiator       : HHH000489: No JTA platform available (set 'hibernate.transaction.jta.platform' to enable JTA platform integration)
2024-05-24T10:23:17.409+07:00  INFO 12820 --- [AFK3] [restartedMain] j.LocalContainerEntityManagerFactoryBean : Initialized JPA EntityManagerFactory for persistence unit 'default'
2024-05-24T10:23:21.134+07:00  WARN 12820 --- [AFK3] [restartedMain] JpaBaseConfiguration$JpaWebConfiguration : spring.jpa.open-in-view is enabled by default. Therefore, database queries may be performed during view rendering. Explicitly configure spring.jpa.open-in-view to disable this warning
2024-05-24T10:23:25.506+07:00  INFO 12820 --- [AFK3] [restartedMain] o.s.b.d.a.OptionalLiveReloadServer       : LiveReload server is running on port 35729
2024-05-24T10:23:25.623+07:00  INFO 12820 --- [AFK3] [restartedMain] o.s.b.a.e.web.EndpointLinksResolver      : Exposing 1 endpoint(s) beneath base path '/actuator'
2024-05-24T10:23:26.076+07:00  INFO 12820 --- [AFK3] [restartedMain] o.s.b.w.embedded.tomcat.TomcatWebServer  : Tomcat started on port 8081 (http) with context path ''
2024-05-24T10:23:26.118+07:00  INFO 12820 --- [AFK3] [restartedMain] i.ac.ui.cs.advprog.afk3.Afk3Application  : Started Afk3Application in 31.534 seconds (process running for 34.707)
2024-05-24T10:23:27.391+07:00  INFO 12820 --- [AFK3] [RMI TCP Connection(2)-192.168.0.107] o.a.c.c.C.[Tomcat].[localhost].[/]       : Initializing Spring DispatcherServlet 'dispatcherServlet'
2024-05-24T10:23:27.391+07:00  INFO 12820 --- [AFK3] [RMI TCP Connection(2)-192.168.0.107] o.s.web.servlet.DispatcherServlet        : Initializing Servlet 'dispatcherServlet'
2024-05-24T10:23:27.394+07:00  INFO 12820 --- [AFK3] [RMI TCP Connection(2)-192.168.0.107] o.s.web.servlet.DispatcherServlet        : Completed initialization in 3 ms
2024-05-24T10:24:44.132+07:00  INFO 12820 --- [AFK3] [http-nio-8081-exec-7] i.a.u.c.a.a.service.ListingServiceImpl   : Delete listing by id c7f2d64e-5515-41c8-bf5c-884530dc6a79 SUCCESSFUL
2024-05-24T10:24:44.132+07:00  INFO 12820 --- [AFK3] [thread1] i.a.u.c.a.afk3.service.OrderServiceImpl  : orders deleted by with listing c7f2d64e-5515-41c8-bf5c-884530dc6a79
2024-05-24T10:28:07.808+07:00  INFO 12820 --- [AFK3] [SpringApplicationShutdownHook] j.LocalContainerEntityManagerFactoryBean : Closing JPA EntityManagerFactory for persistence unit 'default'
2024-05-24T10:28:07.853+07:00  INFO 12820 --- [AFK3] [SpringApplicationShutdownHook] com.zaxxer.hikari.HikariDataSource       : HikariPool-1 - Shutdown initiated...
2024-05-24T10:28:07.905+07:00  INFO 12820 --- [AFK3] [SpringApplicationShutdownHook] com.zaxxer.hikari.HikariDataSource       : HikariPool-1 - Shutdown completed.
2024-05-24T10:36:36.428+07:00  INFO 4344 --- [AFK3] [Test worker] i.a.u.c.a.a.Security.JwtValidatorTest    : Starting JwtValidatorTest using Java 21.0.2 with PID 4344 (started by Jim in C:\Users\Jim\IdeaProjects\AFK3)
2024-05-24T10:36:36.432+07:00  INFO 4344 --- [AFK3] [Test worker] i.a.u.c.a.a.Security.JwtValidatorTest    : The following 1 profile is active: "test"
2024-05-24T10:36:38.362+07:00  INFO 4344 --- [AFK3] [Test worker] .s.d.r.c.RepositoryConfigurationDelegate : Bootstrapping Spring Data JPA repositories in DEFAULT mode.
2024-05-24T10:36:38.472+07:00  INFO 4344 --- [AFK3] [Test worker] .s.d.r.c.RepositoryConfigurationDelegate : Finished Spring Data repository scanning in 89 ms. Found 2 JPA repository interfaces.
2024-05-24T10:36:39.996+07:00  INFO 4344 --- [AFK3] [Test worker] o.hibernate.jpa.internal.util.LogHelper  : HHH000204: Processing PersistenceUnitInfo [name: default]
2024-05-24T10:36:40.184+07:00  INFO 4344 --- [AFK3] [Test worker] org.hibernate.Version                    : HHH000412: Hibernate ORM core version 6.4.4.Final
2024-05-24T10:36:40.270+07:00  INFO 4344 --- [AFK3] [Test worker] o.h.c.internal.RegionFactoryInitiator    : HHH000026: Second-level cache disabled
2024-05-24T10:36:40.941+07:00  INFO 4344 --- [AFK3] [Test worker] o.s.o.j.p.SpringPersistenceUnitInfo      : No LoadTimeWeaver setup: ignoring JPA class transformer
2024-05-24T10:36:41.017+07:00  INFO 4344 --- [AFK3] [Test worker] com.zaxxer.hikari.HikariDataSource       : HikariPool-1 - Starting...
2024-05-24T10:36:41.777+07:00  INFO 4344 --- [AFK3] [Test worker] com.zaxxer.hikari.pool.HikariPool        : HikariPool-1 - Added connection conn0: url=jdbc:h2:mem:testdb user=SA
2024-05-24T10:36:41.784+07:00  INFO 4344 --- [AFK3] [Test worker] com.zaxxer.hikari.HikariDataSource       : HikariPool-1 - Start completed.
2024-05-24T10:36:41.858+07:00  WARN 4344 --- [AFK3] [Test worker] org.hibernate.orm.deprecation            : HHH90000025: H2Dialect does not need to be specified explicitly using 'hibernate.dialect' (remove the property setting and it will be selected by default)
2024-05-24T10:36:44.073+07:00  INFO 4344 --- [AFK3] [Test worker] o.h.e.t.j.p.i.JtaPlatformInitiator       : HHH000489: No JTA platform available (set 'hibernate.transaction.jta.platform' to enable JTA platform integration)
2024-05-24T10:36:44.220+07:00  INFO 4344 --- [AFK3] [Test worker] j.LocalContainerEntityManagerFactoryBean : Initialized JPA EntityManagerFactory for persistence unit 'default'
2024-05-24T10:36:45.704+07:00  WARN 4344 --- [AFK3] [Test worker] JpaBaseConfiguration$JpaWebConfiguration : spring.jpa.open-in-view is enabled by default. Therefore, database queries may be performed during view rendering. Explicitly configure spring.jpa.open-in-view to disable this warning
2024-05-24T10:36:47.408+07:00  INFO 4344 --- [AFK3] [Test worker] o.s.b.a.e.web.EndpointLinksResolver      : Exposing 0 endpoint(s) beneath base path '/actuator'
2024-05-24T10:36:47.564+07:00  INFO 4344 --- [AFK3] [Test worker] i.a.u.c.a.a.Security.JwtValidatorTest    : Started JwtValidatorTest in 11.977 seconds (process running for 17.401)
2024-05-24T10:36:48.952+07:00  INFO 4344 --- [AFK3] [SpringApplicationShutdownHook] j.LocalContainerEntityManagerFactoryBean : Closing JPA EntityManagerFactory for persistence unit 'default'
2024-05-24T10:36:48.958+07:00  INFO 4344 --- [AFK3] [SpringApplicationShutdownHook] com.zaxxer.hikari.HikariDataSource       : HikariPool-1 - Shutdown initiated...
2024-05-24T10:36:48.971+07:00  INFO 4344 --- [AFK3] [SpringApplicationShutdownHook] com.zaxxer.hikari.HikariDataSource       : HikariPool-1 - Shutdown completed.
2024-05-24T10:37:37.693+07:00  INFO 14808 --- [AFK3] [Test worker] i.a.u.c.a.a.Security.JwtValidatorTest    : Starting JwtValidatorTest using Java 21.0.2 with PID 14808 (started by Jim in C:\Users\Jim\IdeaProjects\AFK3)
2024-05-24T10:37:37.696+07:00  INFO 14808 --- [AFK3] [Test worker] i.a.u.c.a.a.Security.JwtValidatorTest    : The following 1 profile is active: "test"
2024-05-24T10:37:39.853+07:00  INFO 14808 --- [AFK3] [Test worker] .s.d.r.c.RepositoryConfigurationDelegate : Bootstrapping Spring Data JPA repositories in DEFAULT mode.
2024-05-24T10:37:39.972+07:00  INFO 14808 --- [AFK3] [Test worker] .s.d.r.c.RepositoryConfigurationDelegate : Finished Spring Data repository scanning in 98 ms. Found 2 JPA repository interfaces.
2024-05-24T10:37:41.451+07:00  INFO 14808 --- [AFK3] [Test worker] o.hibernate.jpa.internal.util.LogHelper  : HHH000204: Processing PersistenceUnitInfo [name: default]
2024-05-24T10:37:41.615+07:00  INFO 14808 --- [AFK3] [Test worker] org.hibernate.Version                    : HHH000412: Hibernate ORM core version 6.4.4.Final
2024-05-24T10:37:41.690+07:00  INFO 14808 --- [AFK3] [Test worker] o.h.c.internal.RegionFactoryInitiator    : HHH000026: Second-level cache disabled
2024-05-24T10:37:42.442+07:00  INFO 14808 --- [AFK3] [Test worker] o.s.o.j.p.SpringPersistenceUnitInfo      : No LoadTimeWeaver setup: ignoring JPA class transformer
2024-05-24T10:37:42.547+07:00  INFO 14808 --- [AFK3] [Test worker] com.zaxxer.hikari.HikariDataSource       : HikariPool-1 - Starting...
2024-05-24T10:37:43.334+07:00  INFO 14808 --- [AFK3] [Test worker] com.zaxxer.hikari.pool.HikariPool        : HikariPool-1 - Added connection conn0: url=jdbc:h2:mem:testdb user=SA
2024-05-24T10:37:43.339+07:00  INFO 14808 --- [AFK3] [Test worker] com.zaxxer.hikari.HikariDataSource       : HikariPool-1 - Start completed.
2024-05-24T10:37:43.415+07:00  WARN 14808 --- [AFK3] [Test worker] org.hibernate.orm.deprecation            : HHH90000025: H2Dialect does not need to be specified explicitly using 'hibernate.dialect' (remove the property setting and it will be selected by default)
2024-05-24T10:37:45.848+07:00  INFO 14808 --- [AFK3] [Test worker] o.h.e.t.j.p.i.JtaPlatformInitiator       : HHH000489: No JTA platform available (set 'hibernate.transaction.jta.platform' to enable JTA platform integration)
2024-05-24T10:37:46.015+07:00  INFO 14808 --- [AFK3] [Test worker] j.LocalContainerEntityManagerFactoryBean : Initialized JPA EntityManagerFactory for persistence unit 'default'
2024-05-24T10:37:47.593+07:00  WARN 14808 --- [AFK3] [Test worker] JpaBaseConfiguration$JpaWebConfiguration : spring.jpa.open-in-view is enabled by default. Therefore, database queries may be performed during view rendering. Explicitly configure spring.jpa.open-in-view to disable this warning
2024-05-24T10:37:49.500+07:00  INFO 14808 --- [AFK3] [Test worker] o.s.b.a.e.web.EndpointLinksResolver      : Exposing 0 endpoint(s) beneath base path '/actuator'
2024-05-24T10:37:49.648+07:00  INFO 14808 --- [AFK3] [Test worker] i.a.u.c.a.a.Security.JwtValidatorTest    : Started JwtValidatorTest in 13.056 seconds (process running for 16.184)
2024-05-24T10:37:50.873+07:00  INFO 14808 --- [AFK3] [SpringApplicationShutdownHook] j.LocalContainerEntityManagerFactoryBean : Closing JPA EntityManagerFactory for persistence unit 'default'
2024-05-24T10:37:50.878+07:00  INFO 14808 --- [AFK3] [SpringApplicationShutdownHook] com.zaxxer.hikari.HikariDataSource       : HikariPool-1 - Shutdown initiated...
2024-05-24T10:37:50.883+07:00  INFO 14808 --- [AFK3] [SpringApplicationShutdownHook] com.zaxxer.hikari.HikariDataSource       : HikariPool-1 - Shutdown completed.
2024-05-24T10:39:34.861+07:00  INFO 2828 --- [AFK3] [Test worker] i.a.u.c.a.a.Security.JwtValidatorTest    : Starting JwtValidatorTest using Java 21.0.2 with PID 2828 (started by Jim in C:\Users\Jim\IdeaProjects\AFK3)
2024-05-24T10:39:34.864+07:00  INFO 2828 --- [AFK3] [Test worker] i.a.u.c.a.a.Security.JwtValidatorTest    : The following 1 profile is active: "test"
2024-05-24T10:39:36.984+07:00  INFO 2828 --- [AFK3] [Test worker] .s.d.r.c.RepositoryConfigurationDelegate : Bootstrapping Spring Data JPA repositories in DEFAULT mode.
2024-05-24T10:39:37.099+07:00  INFO 2828 --- [AFK3] [Test worker] .s.d.r.c.RepositoryConfigurationDelegate : Finished Spring Data repository scanning in 94 ms. Found 2 JPA repository interfaces.
2024-05-24T10:39:38.605+07:00  INFO 2828 --- [AFK3] [Test worker] o.hibernate.jpa.internal.util.LogHelper  : HHH000204: Processing PersistenceUnitInfo [name: default]
2024-05-24T10:39:38.770+07:00  INFO 2828 --- [AFK3] [Test worker] org.hibernate.Version                    : HHH000412: Hibernate ORM core version 6.4.4.Final
2024-05-24T10:39:38.852+07:00  INFO 2828 --- [AFK3] [Test worker] o.h.c.internal.RegionFactoryInitiator    : HHH000026: Second-level cache disabled
2024-05-24T10:39:39.528+07:00  INFO 2828 --- [AFK3] [Test worker] o.s.o.j.p.SpringPersistenceUnitInfo      : No LoadTimeWeaver setup: ignoring JPA class transformer
2024-05-24T10:39:39.605+07:00  INFO 2828 --- [AFK3] [Test worker] com.zaxxer.hikari.HikariDataSource       : HikariPool-1 - Starting...
2024-05-24T10:39:40.287+07:00  INFO 2828 --- [AFK3] [Test worker] com.zaxxer.hikari.pool.HikariPool        : HikariPool-1 - Added connection conn0: url=jdbc:h2:mem:testdb user=SA
2024-05-24T10:39:40.291+07:00  INFO 2828 --- [AFK3] [Test worker] com.zaxxer.hikari.HikariDataSource       : HikariPool-1 - Start completed.
2024-05-24T10:39:40.361+07:00  WARN 2828 --- [AFK3] [Test worker] org.hibernate.orm.deprecation            : HHH90000025: H2Dialect does not need to be specified explicitly using 'hibernate.dialect' (remove the property setting and it will be selected by default)
2024-05-24T10:39:42.656+07:00  INFO 2828 --- [AFK3] [Test worker] o.h.e.t.j.p.i.JtaPlatformInitiator       : HHH000489: No JTA platform available (set 'hibernate.transaction.jta.platform' to enable JTA platform integration)
2024-05-24T10:39:42.795+07:00  INFO 2828 --- [AFK3] [Test worker] j.LocalContainerEntityManagerFactoryBean : Initialized JPA EntityManagerFactory for persistence unit 'default'
2024-05-24T10:39:44.397+07:00  WARN 2828 --- [AFK3] [Test worker] JpaBaseConfiguration$JpaWebConfiguration : spring.jpa.open-in-view is enabled by default. Therefore, database queries may be performed during view rendering. Explicitly configure spring.jpa.open-in-view to disable this warning
2024-05-24T10:39:46.261+07:00  INFO 2828 --- [AFK3] [Test worker] o.s.b.a.e.web.EndpointLinksResolver      : Exposing 0 endpoint(s) beneath base path '/actuator'
2024-05-24T10:39:46.435+07:00  INFO 2828 --- [AFK3] [Test worker] i.a.u.c.a.a.Security.JwtValidatorTest    : Started JwtValidatorTest in 12.34 seconds (process running for 14.987)
2024-05-24T10:39:47.959+07:00  INFO 2828 --- [AFK3] [SpringApplicationShutdownHook] j.LocalContainerEntityManagerFactoryBean : Closing JPA EntityManagerFactory for persistence unit 'default'
2024-05-24T10:39:47.973+07:00  INFO 2828 --- [AFK3] [SpringApplicationShutdownHook] com.zaxxer.hikari.HikariDataSource       : HikariPool-1 - Shutdown initiated...
2024-05-24T10:39:47.982+07:00  INFO 2828 --- [AFK3] [SpringApplicationShutdownHook] com.zaxxer.hikari.HikariDataSource       : HikariPool-1 - Shutdown completed.
2024-05-24T10:40:19.128+07:00  INFO 19860 --- [AFK3] [Test worker] i.a.u.c.a.a.Security.JwtValidatorTest    : Starting JwtValidatorTest using Java 21.0.2 with PID 19860 (started by Jim in C:\Users\Jim\IdeaProjects\AFK3)
2024-05-24T10:40:19.132+07:00  INFO 19860 --- [AFK3] [Test worker] i.a.u.c.a.a.Security.JwtValidatorTest    : The following 1 profile is active: "test"
2024-05-24T10:40:21.045+07:00  INFO 19860 --- [AFK3] [Test worker] .s.d.r.c.RepositoryConfigurationDelegate : Bootstrapping Spring Data JPA repositories in DEFAULT mode.
2024-05-24T10:40:21.173+07:00  INFO 19860 --- [AFK3] [Test worker] .s.d.r.c.RepositoryConfigurationDelegate : Finished Spring Data repository scanning in 102 ms. Found 2 JPA repository interfaces.
2024-05-24T10:40:22.951+07:00  INFO 19860 --- [AFK3] [Test worker] o.hibernate.jpa.internal.util.LogHelper  : HHH000204: Processing PersistenceUnitInfo [name: default]
2024-05-24T10:40:23.236+07:00  INFO 19860 --- [AFK3] [Test worker] org.hibernate.Version                    : HHH000412: Hibernate ORM core version 6.4.4.Final
2024-05-24T10:40:23.325+07:00  INFO 19860 --- [AFK3] [Test worker] o.h.c.internal.RegionFactoryInitiator    : HHH000026: Second-level cache disabled
2024-05-24T10:40:24.055+07:00  INFO 19860 --- [AFK3] [Test worker] o.s.o.j.p.SpringPersistenceUnitInfo      : No LoadTimeWeaver setup: ignoring JPA class transformer
2024-05-24T10:40:24.141+07:00  INFO 19860 --- [AFK3] [Test worker] com.zaxxer.hikari.HikariDataSource       : HikariPool-1 - Starting...
2024-05-24T10:40:24.993+07:00  INFO 19860 --- [AFK3] [Test worker] com.zaxxer.hikari.pool.HikariPool        : HikariPool-1 - Added connection conn0: url=jdbc:h2:mem:testdb user=SA
2024-05-24T10:40:24.999+07:00  INFO 19860 --- [AFK3] [Test worker] com.zaxxer.hikari.HikariDataSource       : HikariPool-1 - Start completed.
2024-05-24T10:40:25.101+07:00  WARN 19860 --- [AFK3] [Test worker] org.hibernate.orm.deprecation            : HHH90000025: H2Dialect does not need to be specified explicitly using 'hibernate.dialect' (remove the property setting and it will be selected by default)
2024-05-24T10:40:28.220+07:00  INFO 19860 --- [AFK3] [Test worker] o.h.e.t.j.p.i.JtaPlatformInitiator       : HHH000489: No JTA platform available (set 'hibernate.transaction.jta.platform' to enable JTA platform integration)
2024-05-24T10:40:28.379+07:00  INFO 19860 --- [AFK3] [Test worker] j.LocalContainerEntityManagerFactoryBean : Initialized JPA EntityManagerFactory for persistence unit 'default'
2024-05-24T10:40:30.405+07:00  WARN 19860 --- [AFK3] [Test worker] JpaBaseConfiguration$JpaWebConfiguration : spring.jpa.open-in-view is enabled by default. Therefore, database queries may be performed during view rendering. Explicitly configure spring.jpa.open-in-view to disable this warning
2024-05-24T10:40:32.423+07:00  INFO 19860 --- [AFK3] [Test worker] o.s.b.a.e.web.EndpointLinksResolver      : Exposing 0 endpoint(s) beneath base path '/actuator'
2024-05-24T10:40:32.585+07:00  INFO 19860 --- [AFK3] [Test worker] i.a.u.c.a.a.Security.JwtValidatorTest    : Started JwtValidatorTest in 14.073 seconds (process running for 16.404)
2024-05-24T10:40:34.116+07:00  INFO 19860 --- [AFK3] [SpringApplicationShutdownHook] j.LocalContainerEntityManagerFactoryBean : Closing JPA EntityManagerFactory for persistence unit 'default'
2024-05-24T10:40:34.121+07:00  INFO 19860 --- [AFK3] [SpringApplicationShutdownHook] com.zaxxer.hikari.HikariDataSource       : HikariPool-1 - Shutdown initiated...
2024-05-24T10:40:34.135+07:00  INFO 19860 --- [AFK3] [SpringApplicationShutdownHook] com.zaxxer.hikari.HikariDataSource       : HikariPool-1 - Shutdown completed.
2024-05-24T10:41:19.921+07:00  INFO 13584 --- [AFK3] [Test worker] i.a.u.c.a.a.Security.JwtValidatorTest    : Starting JwtValidatorTest using Java 21.0.2 with PID 13584 (started by Jim in C:\Users\Jim\IdeaProjects\AFK3)
2024-05-24T10:41:19.924+07:00  INFO 13584 --- [AFK3] [Test worker] i.a.u.c.a.a.Security.JwtValidatorTest    : The following 1 profile is active: "test"
2024-05-24T10:41:21.316+07:00  INFO 13584 --- [AFK3] [Test worker] .s.d.r.c.RepositoryConfigurationDelegate : Bootstrapping Spring Data JPA repositories in DEFAULT mode.
2024-05-24T10:41:21.406+07:00  INFO 13584 --- [AFK3] [Test worker] .s.d.r.c.RepositoryConfigurationDelegate : Finished Spring Data repository scanning in 74 ms. Found 2 JPA repository interfaces.
2024-05-24T10:41:22.941+07:00  INFO 13584 --- [AFK3] [Test worker] o.hibernate.jpa.internal.util.LogHelper  : HHH000204: Processing PersistenceUnitInfo [name: default]
2024-05-24T10:41:23.112+07:00  INFO 13584 --- [AFK3] [Test worker] org.hibernate.Version                    : HHH000412: Hibernate ORM core version 6.4.4.Final
2024-05-24T10:41:23.198+07:00  INFO 13584 --- [AFK3] [Test worker] o.h.c.internal.RegionFactoryInitiator    : HHH000026: Second-level cache disabled
2024-05-24T10:41:23.932+07:00  INFO 13584 --- [AFK3] [Test worker] o.s.o.j.p.SpringPersistenceUnitInfo      : No LoadTimeWeaver setup: ignoring JPA class transformer
2024-05-24T10:41:24.042+07:00  INFO 13584 --- [AFK3] [Test worker] com.zaxxer.hikari.HikariDataSource       : HikariPool-1 - Starting...
2024-05-24T10:41:24.736+07:00  INFO 13584 --- [AFK3] [Test worker] com.zaxxer.hikari.pool.HikariPool        : HikariPool-1 - Added connection conn0: url=jdbc:h2:mem:testdb user=SA
2024-05-24T10:41:24.740+07:00  INFO 13584 --- [AFK3] [Test worker] com.zaxxer.hikari.HikariDataSource       : HikariPool-1 - Start completed.
2024-05-24T10:41:24.811+07:00  WARN 13584 --- [AFK3] [Test worker] org.hibernate.orm.deprecation            : HHH90000025: H2Dialect does not need to be specified explicitly using 'hibernate.dialect' (remove the property setting and it will be selected by default)
2024-05-24T10:41:26.869+07:00  INFO 13584 --- [AFK3] [Test worker] o.h.e.t.j.p.i.JtaPlatformInitiator       : HHH000489: No JTA platform available (set 'hibernate.transaction.jta.platform' to enable JTA platform integration)
2024-05-24T10:41:27.011+07:00  INFO 13584 --- [AFK3] [Test worker] j.LocalContainerEntityManagerFactoryBean : Initialized JPA EntityManagerFactory for persistence unit 'default'
2024-05-24T10:41:28.439+07:00  WARN 13584 --- [AFK3] [Test worker] JpaBaseConfiguration$JpaWebConfiguration : spring.jpa.open-in-view is enabled by default. Therefore, database queries may be performed during view rendering. Explicitly configure spring.jpa.open-in-view to disable this warning
2024-05-24T10:41:30.042+07:00  INFO 13584 --- [AFK3] [Test worker] o.s.b.a.e.web.EndpointLinksResolver      : Exposing 0 endpoint(s) beneath base path '/actuator'
2024-05-24T10:41:30.192+07:00  INFO 13584 --- [AFK3] [Test worker] i.a.u.c.a.a.Security.JwtValidatorTest    : Started JwtValidatorTest in 10.836 seconds (process running for 13.77)
2024-05-24T10:41:31.325+07:00  INFO 13584 --- [AFK3] [SpringApplicationShutdownHook] j.LocalContainerEntityManagerFactoryBean : Closing JPA EntityManagerFactory for persistence unit 'default'
2024-05-24T10:41:31.329+07:00  INFO 13584 --- [AFK3] [SpringApplicationShutdownHook] com.zaxxer.hikari.HikariDataSource       : HikariPool-1 - Shutdown initiated...
2024-05-24T10:41:31.333+07:00  INFO 13584 --- [AFK3] [SpringApplicationShutdownHook] com.zaxxer.hikari.HikariDataSource       : HikariPool-1 - Shutdown completed.
